<?xml version="1.0" encoding="UTF-8"?>
<testsuite xmlns:xsi="http://www.w3.org/2001/XMLSchema-instance" xsi:noNamespaceSchemaLocation="https://maven.apache.org/surefire/maven-surefire-plugin/xsd/surefire-test-report.xsd" name="component.arquilliancourse.helloservice.GreetingDAOTest" time="20.458" tests="3" errors="0" skipped="0" failures="0">
  <properties>
[...]
</properties>
  <testcase name="shouldReturnExceptionOnEmptyFindAll" classname="component.arquilliancourse.helloservice.GreetingDAOTest" time="1.44"/>
  <testcase name="shouldInsertGreetingsAndFindThem" classname="component.arquilliancourse.helloservice.GreetingDAOTest" time="0.358"/>
  <testcase name="shouldFindGreetingByID" classname="component.arquilliancourse.helloservice.GreetingDAOTest" time="0.025"/>
</testsuite>